[2023-10-21 20:42:30] [ INFO ] [BookService:46] Libro - buscarTodos: Se esta iterando el array de libros
[2023-10-22 00:49:24] [ INFO ] [BookService:46] Libro - buscarTodos: Se esta iterando el array de libros
[2023-10-22 13:37:41] [ INFO ] [BookService:36] Libros - guardar: Se va a guardar el libro
[2023-10-22 13:37:43] [ WARN ] [BookService:60] Libro - buscarPorId: No se encontro ningun libro con ese ID
[2023-10-22 13:44:47] [ INFO ] [BookService:38] Libros - guardar: Se va a guardar el libro
[2023-10-22 13:44:49] [ WARN ] [BookService:62] Libro - buscarPorId: No se encontro ningun libro con ese ID
[2023-10-22 13:45:38] [ INFO ] [BookService:38] Libros - guardar: Se va a guardar el libro
[2023-10-22 13:45:40] [ WARN ] [BookService:62] Libro - buscarPorId: No se encontro ningun libro con ese ID
[2023-10-22 13:46:35] [ INFO ] [BookService:38] Libros - guardar: Se va a guardar el libro
[2023-10-22 13:46:37] [ WARN ] [BookService:62] Libro - buscarPorId: No se encontro ningun libro con ese ID
[2023-10-22 13:47:19] [ INFO ] [BookService:38] Libros - guardar: Se va a guardar el libro
[2023-10-22 13:47:21] [ WARN ] [BookService:62] Libro - buscarPorId: No se encontro ningun libro con ese ID
[2023-10-22 13:54:06] [ INFO ] [BookService:38] Libros - guardar: Se va a guardar el libro
[2023-10-22 13:54:08] [ WARN ] [BookService:62] Libro - buscarPorId: No se encontro ningun libro con ese ID
[2023-10-22 13:55:50] [ INFO ] [BookService:38] Libros - guardar: Se va a guardar el libro
[2023-10-22 13:55:52] [ WARN ] [BookService:62] Libro - buscarPorId: No se encontro ningun libro con ese ID
[2023-10-22 14:02:11] [ INFO ] [BookService:38] Libros - guardar: Se va a guardar el libro
[2023-10-22 14:02:13] [ INFO ] [BookService:59] Libro - buscarPorId: Se encontro el libro y se convertira a DTO para ser devuelto
[2023-10-22 14:05:25] [ INFO ] [BookService:38] Libros - guardar: Se va a guardar el libro
[2023-10-22 14:05:27] [ INFO ] [BookService:59] Libro - buscarPorId: Se encontro el libro y se convertira a DTO para ser devuelto
[2023-10-22 14:09:00] [ INFO ] [BookService:38] Libros - guardar: Se va a guardar el libro
[2023-10-22 14:10:48] [ INFO ] [BookService:48] Libro - buscarTodos: Se esta iterando el array de libros
[2023-10-22 14:10:48] [ INFO ] [BookService:48] Libro - buscarTodos: Se esta iterando el array de libros
[2023-10-22 14:10:48] [ INFO ] [BookService:48] Libro - buscarTodos: Se esta iterando el array de libros
[2023-10-22 14:10:48] [ INFO ] [BookService:48] Libro - buscarTodos: Se esta iterando el array de libros
[2023-10-22 14:10:48] [ INFO ] [BookService:48] Libro - buscarTodos: Se esta iterando el array de libros
[2023-10-22 14:10:48] [ INFO ] [BookService:48] Libro - buscarTodos: Se esta iterando el array de libros
[2023-10-22 14:10:48] [ INFO ] [BookService:48] Libro - buscarTodos: Se esta iterando el array de libros
[2023-10-22 14:10:48] [ INFO ] [BookService:48] Libro - buscarTodos: Se esta iterando el array de libros
[2023-10-22 14:10:48] [ INFO ] [BookService:48] Libro - buscarTodos: Se esta iterando el array de libros
[2023-10-22 14:10:48] [ INFO ] [BookService:48] Libro - buscarTodos: Se esta iterando el array de libros
[2023-10-22 14:10:48] [ INFO ] [BookService:48] Libro - buscarTodos: Se esta iterando el array de libros
[2023-10-22 15:47:35] [ INFO ] [BookService:38] Libros - guardar: Se va a guardar el libro
[2023-10-22 15:47:58] [ INFO ] [BookService:48] Libro - buscarTodos: Se esta iterando el array de libros
[2023-10-22 15:47:58] [ INFO ] [BookService:48] Libro - buscarTodos: Se esta iterando el array de libros
[2023-10-22 15:47:58] [ INFO ] [BookService:48] Libro - buscarTodos: Se esta iterando el array de libros
[2023-10-22 15:47:58] [ INFO ] [BookService:48] Libro - buscarTodos: Se esta iterando el array de libros
[2023-10-22 15:47:58] [ INFO ] [BookService:48] Libro - buscarTodos: Se esta iterando el array de libros
[2023-10-22 15:47:58] [ INFO ] [BookService:48] Libro - buscarTodos: Se esta iterando el array de libros
[2023-10-22 15:47:58] [ INFO ] [BookService:48] Libro - buscarTodos: Se esta iterando el array de libros
[2023-10-22 15:47:58] [ INFO ] [BookService:48] Libro - buscarTodos: Se esta iterando el array de libros
[2023-10-22 15:47:58] [ INFO ] [BookService:48] Libro - buscarTodos: Se esta iterando el array de libros
[2023-10-22 15:47:58] [ INFO ] [BookService:48] Libro - buscarTodos: Se esta iterando el array de libros
[2023-10-22 15:47:58] [ INFO ] [BookService:48] Libro - buscarTodos: Se esta iterando el array de libros
[2023-10-22 15:47:58] [ INFO ] [BookService:48] Libro - buscarTodos: Se esta iterando el array de libros
[2023-10-22 15:56:38] [ INFO ] [BookService:48] Libro - buscarTodos: Se esta iterando el array de libros
[2023-10-22 15:56:38] [ INFO ] [BookService:48] Libro - buscarTodos: Se esta iterando el array de libros
[2023-10-22 15:56:38] [ INFO ] [BookService:48] Libro - buscarTodos: Se esta iterando el array de libros
[2023-10-22 15:56:38] [ INFO ] [BookService:48] Libro - buscarTodos: Se esta iterando el array de libros
[2023-10-22 15:56:38] [ INFO ] [BookService:48] Libro - buscarTodos: Se esta iterando el array de libros
[2023-10-22 15:56:38] [ INFO ] [BookService:48] Libro - buscarTodos: Se esta iterando el array de libros
[2023-10-22 15:56:38] [ INFO ] [BookService:48] Libro - buscarTodos: Se esta iterando el array de libros
[2023-10-22 15:56:38] [ INFO ] [BookService:48] Libro - buscarTodos: Se esta iterando el array de libros
[2023-10-22 15:56:38] [ INFO ] [BookService:48] Libro - buscarTodos: Se esta iterando el array de libros
[2023-10-22 15:56:38] [ INFO ] [BookService:48] Libro - buscarTodos: Se esta iterando el array de libros
[2023-10-22 15:56:38] [ INFO ] [BookService:48] Libro - buscarTodos: Se esta iterando el array de libros
[2023-10-22 15:56:38] [ INFO ] [BookService:48] Libro - buscarTodos: Se esta iterando el array de libros
[2023-10-22 15:57:19] [ INFO ] [BookService:48] Libro - buscarTodos: Se esta iterando el array de libros
[2023-10-22 15:57:19] [ INFO ] [BookService:48] Libro - buscarTodos: Se esta iterando el array de libros
[2023-10-22 15:57:19] [ INFO ] [BookService:48] Libro - buscarTodos: Se esta iterando el array de libros
[2023-10-22 15:57:19] [ INFO ] [BookService:48] Libro - buscarTodos: Se esta iterando el array de libros
[2023-10-22 15:57:19] [ INFO ] [BookService:48] Libro - buscarTodos: Se esta iterando el array de libros
[2023-10-22 15:57:19] [ INFO ] [BookService:48] Libro - buscarTodos: Se esta iterando el array de libros
[2023-10-22 15:57:19] [ INFO ] [BookService:48] Libro - buscarTodos: Se esta iterando el array de libros
[2023-10-22 15:57:19] [ INFO ] [BookService:48] Libro - buscarTodos: Se esta iterando el array de libros
[2023-10-22 15:57:19] [ INFO ] [BookService:48] Libro - buscarTodos: Se esta iterando el array de libros
[2023-10-22 15:57:19] [ INFO ] [BookService:48] Libro - buscarTodos: Se esta iterando el array de libros
[2023-10-22 15:57:19] [ INFO ] [BookService:48] Libro - buscarTodos: Se esta iterando el array de libros
[2023-10-22 15:57:19] [ INFO ] [BookService:48] Libro - buscarTodos: Se esta iterando el array de libros
[2023-10-22 15:59:53] [ INFO ] [BookService:48] Libro - buscarTodos: Se esta iterando el array de libros
[2023-10-22 15:59:53] [ INFO ] [BookService:48] Libro - buscarTodos: Se esta iterando el array de libros
[2023-10-22 15:59:53] [ INFO ] [BookService:48] Libro - buscarTodos: Se esta iterando el array de libros
[2023-10-22 15:59:53] [ INFO ] [BookService:48] Libro - buscarTodos: Se esta iterando el array de libros
[2023-10-22 15:59:53] [ INFO ] [BookService:48] Libro - buscarTodos: Se esta iterando el array de libros
[2023-10-22 15:59:53] [ INFO ] [BookService:48] Libro - buscarTodos: Se esta iterando el array de libros
[2023-10-22 15:59:53] [ INFO ] [BookService:48] Libro - buscarTodos: Se esta iterando el array de libros
[2023-10-22 15:59:53] [ INFO ] [BookService:48] Libro - buscarTodos: Se esta iterando el array de libros
[2023-10-22 15:59:53] [ INFO ] [BookService:48] Libro - buscarTodos: Se esta iterando el array de libros
[2023-10-22 15:59:53] [ INFO ] [BookService:48] Libro - buscarTodos: Se esta iterando el array de libros
[2023-10-22 15:59:53] [ INFO ] [BookService:48] Libro - buscarTodos: Se esta iterando el array de libros
[2023-10-22 15:59:53] [ INFO ] [BookService:48] Libro - buscarTodos: Se esta iterando el array de libros
[2023-10-22 16:23:04] [ INFO ] [BookService:48] Libro - buscarTodos: Se esta iterando el array de libros
[2023-10-22 16:23:04] [ INFO ] [BookService:48] Libro - buscarTodos: Se esta iterando el array de libros
[2023-10-22 16:23:04] [ INFO ] [BookService:48] Libro - buscarTodos: Se esta iterando el array de libros
[2023-10-22 16:23:04] [ INFO ] [BookService:48] Libro - buscarTodos: Se esta iterando el array de libros
[2023-10-22 16:23:04] [ INFO ] [BookService:48] Libro - buscarTodos: Se esta iterando el array de libros
[2023-10-22 16:23:04] [ INFO ] [BookService:48] Libro - buscarTodos: Se esta iterando el array de libros
[2023-10-22 16:23:04] [ INFO ] [BookService:48] Libro - buscarTodos: Se esta iterando el array de libros
[2023-10-22 16:23:04] [ INFO ] [BookService:48] Libro - buscarTodos: Se esta iterando el array de libros
[2023-10-22 16:23:04] [ INFO ] [BookService:48] Libro - buscarTodos: Se esta iterando el array de libros
[2023-10-22 16:23:04] [ INFO ] [BookService:48] Libro - buscarTodos: Se esta iterando el array de libros
[2023-10-22 16:23:04] [ INFO ] [BookService:48] Libro - buscarTodos: Se esta iterando el array de libros
[2023-10-22 16:23:04] [ INFO ] [BookService:48] Libro - buscarTodos: Se esta iterando el array de libros
[2023-10-22 18:53:31] [ INFO ] [BookService:48] Libro - buscarTodos: Se esta iterando el array de libros
[2023-10-22 18:54:46] [ INFO ] [BookService:48] Libro - buscarTodos: Se esta iterando el array de libros
[2023-10-22 20:18:42] [ INFO ] [BookService:48] Libro - buscarTodos: Se esta iterando el array de libros
[2023-10-22 20:20:32] [ INFO ] [BookService:48] Libro - buscarTodos: Se esta iterando el array de libros
[2023-10-22 20:21:55] [ INFO ] [BookService:48] Libro - buscarTodos: Se esta iterando el array de libros
[2023-10-22 20:26:53] [ INFO ] [BookService:48] Libro - buscarTodos: Se esta iterando el array de libros
[2023-10-22 20:26:53] [ INFO ] [BookService:48] Libro - buscarTodos: Se esta iterando el array de libros
[2023-10-22 20:26:53] [ INFO ] [BookService:48] Libro - buscarTodos: Se esta iterando el array de libros
[2023-10-22 20:26:53] [ INFO ] [BookService:48] Libro - buscarTodos: Se esta iterando el array de libros
[2023-10-22 20:26:53] [ INFO ] [BookService:48] Libro - buscarTodos: Se esta iterando el array de libros
[2023-10-22 20:26:53] [ INFO ] [BookService:48] Libro - buscarTodos: Se esta iterando el array de libros
[2023-10-22 20:26:53] [ INFO ] [BookService:48] Libro - buscarTodos: Se esta iterando el array de libros
[2023-10-22 20:26:53] [ INFO ] [BookService:48] Libro - buscarTodos: Se esta iterando el array de libros
[2023-10-22 20:26:53] [ INFO ] [BookService:48] Libro - buscarTodos: Se esta iterando el array de libros
[2023-10-22 20:26:53] [ INFO ] [BookService:48] Libro - buscarTodos: Se esta iterando el array de libros
[2023-10-22 20:26:53] [ INFO ] [BookService:48] Libro - buscarTodos: Se esta iterando el array de libros
[2023-10-22 20:26:53] [ INFO ] [BookService:48] Libro - buscarTodos: Se esta iterando el array de libros
[2023-10-22 20:26:53] [ INFO ] [BookService:48] Libro - buscarTodos: Se esta iterando el array de libros
[2023-10-22 20:26:53] [ INFO ] [BookService:48] Libro - buscarTodos: Se esta iterando el array de libros
[2023-10-22 20:26:53] [ INFO ] [BookService:48] Libro - buscarTodos: Se esta iterando el array de libros
[2023-10-22 20:38:19] [ INFO ] [BookService:48] Libro - buscarTodos: Se esta iterando el array de libros
[2023-10-22 20:38:19] [ INFO ] [BookService:48] Libro - buscarTodos: Se esta iterando el array de libros
[2023-10-22 20:38:19] [ INFO ] [BookService:48] Libro - buscarTodos: Se esta iterando el array de libros
[2023-10-22 20:38:19] [ INFO ] [BookService:48] Libro - buscarTodos: Se esta iterando el array de libros
[2023-10-22 20:38:19] [ INFO ] [BookService:48] Libro - buscarTodos: Se esta iterando el array de libros
[2023-10-22 20:38:19] [ INFO ] [BookService:48] Libro - buscarTodos: Se esta iterando el array de libros
[2023-10-22 20:38:19] [ INFO ] [BookService:48] Libro - buscarTodos: Se esta iterando el array de libros
[2023-10-22 20:38:19] [ INFO ] [BookService:48] Libro - buscarTodos: Se esta iterando el array de libros
[2023-10-22 20:38:19] [ INFO ] [BookService:48] Libro - buscarTodos: Se esta iterando el array de libros
[2023-10-22 20:38:19] [ INFO ] [BookService:48] Libro - buscarTodos: Se esta iterando el array de libros
[2023-10-22 20:38:19] [ INFO ] [BookService:48] Libro - buscarTodos: Se esta iterando el array de libros
[2023-10-22 20:38:19] [ INFO ] [BookService:48] Libro - buscarTodos: Se esta iterando el array de libros
[2023-10-22 20:38:19] [ INFO ] [BookService:48] Libro - buscarTodos: Se esta iterando el array de libros
[2023-10-22 20:38:19] [ INFO ] [BookService:48] Libro - buscarTodos: Se esta iterando el array de libros
[2023-10-22 20:38:19] [ INFO ] [BookService:48] Libro - buscarTodos: Se esta iterando el array de libros
[2023-10-22 20:38:19] [ INFO ] [BookService:48] Libro - buscarTodos: Se esta iterando el array de libros
[2023-10-22 20:38:19] [ INFO ] [BookService:48] Libro - buscarTodos: Se esta iterando el array de libros
[2023-10-22 20:38:19] [ INFO ] [BookService:48] Libro - buscarTodos: Se esta iterando el array de libros
[2023-10-22 20:38:19] [ INFO ] [BookService:48] Libro - buscarTodos: Se esta iterando el array de libros
[2023-10-22 20:38:19] [ INFO ] [BookService:48] Libro - buscarTodos: Se esta iterando el array de libros
[2023-10-22 21:12:19] [ INFO ] [BookService:59] Libro - buscarPorId: Se encontro el libro y se convertira a DTO para ser devuelto
[2023-10-22 21:43:54] [ INFO ] [BookService:60] Libro - buscarPorId: Se encontro el libro y se convertira a DTO para ser devuelto
[2023-10-22 21:44:05] [ INFO ] [BookService:60] Libro - buscarPorId: Se encontro el libro y se convertira a DTO para ser devuelto
[2023-10-22 21:44:18] [ INFO ] [BookService:60] Libro - buscarPorId: Se encontro el libro y se convertira a DTO para ser devuelto
[2023-10-24 22:22:21] [ INFO ] [BookService:48] Libro - buscarTodos: Se esta iterando el array de libros
[2023-10-24 22:22:22] [ INFO ] [BookService:48] Libro - buscarTodos: Se esta iterando el array de libros
[2023-10-24 22:22:22] [ INFO ] [BookService:48] Libro - buscarTodos: Se esta iterando el array de libros
[2023-10-24 22:22:22] [ INFO ] [BookService:48] Libro - buscarTodos: Se esta iterando el array de libros
[2023-10-24 22:22:22] [ INFO ] [BookService:48] Libro - buscarTodos: Se esta iterando el array de libros
[2023-10-24 22:22:22] [ INFO ] [BookService:48] Libro - buscarTodos: Se esta iterando el array de libros
[2023-10-24 22:22:22] [ INFO ] [BookService:48] Libro - buscarTodos: Se esta iterando el array de libros
[2023-10-24 22:22:22] [ INFO ] [BookService:48] Libro - buscarTodos: Se esta iterando el array de libros
[2023-10-24 22:22:23] [ INFO ] [BookService:48] Libro - buscarTodos: Se esta iterando el array de libros
[2023-10-24 22:22:23] [ INFO ] [BookService:48] Libro - buscarTodos: Se esta iterando el array de libros
[2023-10-24 22:22:23] [ INFO ] [BookService:48] Libro - buscarTodos: Se esta iterando el array de libros
[2023-10-24 22:22:23] [ INFO ] [BookService:48] Libro - buscarTodos: Se esta iterando el array de libros
[2023-10-24 22:22:23] [ INFO ] [BookService:48] Libro - buscarTodos: Se esta iterando el array de libros
[2023-10-24 22:22:23] [ INFO ] [BookService:48] Libro - buscarTodos: Se esta iterando el array de libros
[2023-10-24 22:22:23] [ INFO ] [BookService:48] Libro - buscarTodos: Se esta iterando el array de libros
[2023-10-24 22:22:24] [ INFO ] [BookService:48] Libro - buscarTodos: Se esta iterando el array de libros
[2023-10-24 22:22:24] [ INFO ] [BookService:48] Libro - buscarTodos: Se esta iterando el array de libros
[2023-10-24 22:22:24] [ INFO ] [BookService:48] Libro - buscarTodos: Se esta iterando el array de libros
[2023-10-24 22:22:24] [ INFO ] [BookService:48] Libro - buscarTodos: Se esta iterando el array de libros
[2023-10-24 22:22:24] [ INFO ] [BookService:48] Libro - buscarTodos: Se esta iterando el array de libros
[2023-10-24 22:23:02] [ INFO ] [BookService:48] Libro - buscarTodos: Se esta iterando el array de libros
[2023-10-24 22:23:03] [ INFO ] [BookService:48] Libro - buscarTodos: Se esta iterando el array de libros
[2023-10-24 22:23:03] [ INFO ] [BookService:48] Libro - buscarTodos: Se esta iterando el array de libros
[2023-10-24 22:23:03] [ INFO ] [BookService:48] Libro - buscarTodos: Se esta iterando el array de libros
[2023-10-24 22:23:03] [ INFO ] [BookService:48] Libro - buscarTodos: Se esta iterando el array de libros
[2023-10-24 22:23:03] [ INFO ] [BookService:48] Libro - buscarTodos: Se esta iterando el array de libros
[2023-10-24 22:23:03] [ INFO ] [BookService:48] Libro - buscarTodos: Se esta iterando el array de libros
[2023-10-24 22:23:03] [ INFO ] [BookService:48] Libro - buscarTodos: Se esta iterando el array de libros
[2023-10-24 22:23:03] [ INFO ] [BookService:48] Libro - buscarTodos: Se esta iterando el array de libros
[2023-10-24 22:23:04] [ INFO ] [BookService:48] Libro - buscarTodos: Se esta iterando el array de libros
[2023-10-24 22:23:04] [ INFO ] [BookService:48] Libro - buscarTodos: Se esta iterando el array de libros
[2023-10-24 22:23:04] [ INFO ] [BookService:48] Libro - buscarTodos: Se esta iterando el array de libros
[2023-10-24 22:23:04] [ INFO ] [BookService:48] Libro - buscarTodos: Se esta iterando el array de libros
[2023-10-24 22:23:04] [ INFO ] [BookService:48] Libro - buscarTodos: Se esta iterando el array de libros
[2023-10-24 22:23:04] [ INFO ] [BookService:48] Libro - buscarTodos: Se esta iterando el array de libros
[2023-10-24 22:23:04] [ INFO ] [BookService:48] Libro - buscarTodos: Se esta iterando el array de libros
[2023-10-24 22:23:04] [ INFO ] [BookService:48] Libro - buscarTodos: Se esta iterando el array de libros
[2023-10-24 22:23:05] [ INFO ] [BookService:48] Libro - buscarTodos: Se esta iterando el array de libros
[2023-10-24 22:23:05] [ INFO ] [BookService:48] Libro - buscarTodos: Se esta iterando el array de libros
[2023-10-24 22:23:05] [ INFO ] [BookService:48] Libro - buscarTodos: Se esta iterando el array de libros
[2023-10-24 22:23:46] [ INFO ] [BookService:48] Libro - buscarTodos: Se esta iterando el array de libros
[2023-10-24 22:23:46] [ INFO ] [BookService:48] Libro - buscarTodos: Se esta iterando el array de libros
[2023-10-24 22:23:47] [ INFO ] [BookService:48] Libro - buscarTodos: Se esta iterando el array de libros
[2023-10-24 22:23:47] [ INFO ] [BookService:48] Libro - buscarTodos: Se esta iterando el array de libros
[2023-10-24 22:23:47] [ INFO ] [BookService:48] Libro - buscarTodos: Se esta iterando el array de libros
[2023-10-24 22:23:47] [ INFO ] [BookService:48] Libro - buscarTodos: Se esta iterando el array de libros
[2023-10-24 22:23:47] [ INFO ] [BookService:48] Libro - buscarTodos: Se esta iterando el array de libros
[2023-10-24 22:23:47] [ INFO ] [BookService:48] Libro - buscarTodos: Se esta iterando el array de libros
[2023-10-24 22:23:47] [ INFO ] [BookService:48] Libro - buscarTodos: Se esta iterando el array de libros
[2023-10-24 22:23:47] [ INFO ] [BookService:48] Libro - buscarTodos: Se esta iterando el array de libros
[2023-10-24 22:23:48] [ INFO ] [BookService:48] Libro - buscarTodos: Se esta iterando el array de libros
[2023-10-24 22:23:48] [ INFO ] [BookService:48] Libro - buscarTodos: Se esta iterando el array de libros
[2023-10-24 22:23:48] [ INFO ] [BookService:48] Libro - buscarTodos: Se esta iterando el array de libros
[2023-10-24 22:23:48] [ INFO ] [BookService:48] Libro - buscarTodos: Se esta iterando el array de libros
[2023-10-24 22:23:48] [ INFO ] [BookService:48] Libro - buscarTodos: Se esta iterando el array de libros
[2023-10-24 22:23:48] [ INFO ] [BookService:48] Libro - buscarTodos: Se esta iterando el array de libros
[2023-10-24 22:23:48] [ INFO ] [BookService:48] Libro - buscarTodos: Se esta iterando el array de libros
[2023-10-24 22:23:48] [ INFO ] [BookService:48] Libro - buscarTodos: Se esta iterando el array de libros
[2023-10-24 22:23:48] [ INFO ] [BookService:48] Libro - buscarTodos: Se esta iterando el array de libros
[2023-10-24 22:23:49] [ INFO ] [BookService:48] Libro - buscarTodos: Se esta iterando el array de libros
[2023-10-24 22:23:49] [ INFO ] [BookService:48] Libro - buscarTodos: Se esta iterando el array de libros
[2023-10-24 22:23:49] [ INFO ] [BookService:48] Libro - buscarTodos: Se esta iterando el array de libros
[2023-10-24 22:23:49] [ INFO ] [BookService:48] Libro - buscarTodos: Se esta iterando el array de libros
[2023-10-24 22:23:49] [ INFO ] [BookService:48] Libro - buscarTodos: Se esta iterando el array de libros
[2023-10-24 22:23:49] [ INFO ] [BookService:48] Libro - buscarTodos: Se esta iterando el array de libros
[2023-10-24 22:23:49] [ INFO ] [BookService:48] Libro - buscarTodos: Se esta iterando el array de libros
[2023-10-24 22:23:49] [ INFO ] [BookService:48] Libro - buscarTodos: Se esta iterando el array de libros
[2023-10-24 22:23:49] [ INFO ] [BookService:48] Libro - buscarTodos: Se esta iterando el array de libros
[2023-10-24 22:23:49] [ INFO ] [BookService:48] Libro - buscarTodos: Se esta iterando el array de libros
[2023-10-24 22:23:50] [ INFO ] [BookService:48] Libro - buscarTodos: Se esta iterando el array de libros
[2023-10-24 22:23:50] [ INFO ] [BookService:48] Libro - buscarTodos: Se esta iterando el array de libros
[2023-10-24 22:23:50] [ INFO ] [BookService:48] Libro - buscarTodos: Se esta iterando el array de libros
[2023-10-24 22:23:50] [ INFO ] [BookService:48] Libro - buscarTodos: Se esta iterando el array de libros
[2023-10-24 22:23:50] [ INFO ] [BookService:48] Libro - buscarTodos: Se esta iterando el array de libros
[2023-10-24 22:23:50] [ INFO ] [BookService:48] Libro - buscarTodos: Se esta iterando el array de libros
[2023-10-24 22:23:50] [ INFO ] [BookService:48] Libro - buscarTodos: Se esta iterando el array de libros
[2023-10-24 22:23:50] [ INFO ] [BookService:48] Libro - buscarTodos: Se esta iterando el array de libros
[2023-10-24 22:23:51] [ INFO ] [BookService:48] Libro - buscarTodos: Se esta iterando el array de libros
[2023-10-24 22:23:51] [ INFO ] [BookService:48] Libro - buscarTodos: Se esta iterando el array de libros
[2023-10-24 22:23:51] [ INFO ] [BookService:48] Libro - buscarTodos: Se esta iterando el array de libros
[2023-10-24 22:24:15] [ INFO ] [BookService:48] Libro - buscarTodos: Se esta iterando el array de libros
[2023-10-24 22:24:15] [ INFO ] [BookService:48] Libro - buscarTodos: Se esta iterando el array de libros
[2023-10-24 22:24:16] [ INFO ] [BookService:48] Libro - buscarTodos: Se esta iterando el array de libros
[2023-10-24 22:24:16] [ INFO ] [BookService:48] Libro - buscarTodos: Se esta iterando el array de libros
[2023-10-24 22:24:16] [ INFO ] [BookService:48] Libro - buscarTodos: Se esta iterando el array de libros
[2023-10-24 22:24:16] [ INFO ] [BookService:48] Libro - buscarTodos: Se esta iterando el array de libros
[2023-10-24 22:24:16] [ INFO ] [BookService:48] Libro - buscarTodos: Se esta iterando el array de libros
[2023-10-24 22:24:16] [ INFO ] [BookService:48] Libro - buscarTodos: Se esta iterando el array de libros
[2023-10-24 22:24:16] [ INFO ] [BookService:48] Libro - buscarTodos: Se esta iterando el array de libros
[2023-10-24 22:24:16] [ INFO ] [BookService:48] Libro - buscarTodos: Se esta iterando el array de libros
[2023-10-24 22:24:17] [ INFO ] [BookService:48] Libro - buscarTodos: Se esta iterando el array de libros
[2023-10-24 22:24:17] [ INFO ] [BookService:48] Libro - buscarTodos: Se esta iterando el array de libros
[2023-10-24 22:24:17] [ INFO ] [BookService:48] Libro - buscarTodos: Se esta iterando el array de libros
[2023-10-24 22:24:17] [ INFO ] [BookService:48] Libro - buscarTodos: Se esta iterando el array de libros
[2023-10-24 22:24:17] [ INFO ] [BookService:48] Libro - buscarTodos: Se esta iterando el array de libros
[2023-10-24 22:24:17] [ INFO ] [BookService:48] Libro - buscarTodos: Se esta iterando el array de libros
[2023-10-24 22:24:17] [ INFO ] [BookService:48] Libro - buscarTodos: Se esta iterando el array de libros
[2023-10-24 22:24:17] [ INFO ] [BookService:48] Libro - buscarTodos: Se esta iterando el array de libros
[2023-10-24 22:24:17] [ INFO ] [BookService:48] Libro - buscarTodos: Se esta iterando el array de libros
[2023-10-24 22:24:17] [ INFO ] [BookService:48] Libro - buscarTodos: Se esta iterando el array de libros
[2023-10-24 22:24:17] [ INFO ] [BookService:48] Libro - buscarTodos: Se esta iterando el array de libros
[2023-10-24 22:24:18] [ INFO ] [BookService:48] Libro - buscarTodos: Se esta iterando el array de libros
[2023-10-24 22:24:18] [ INFO ] [BookService:48] Libro - buscarTodos: Se esta iterando el array de libros
[2023-10-24 22:24:18] [ INFO ] [BookService:48] Libro - buscarTodos: Se esta iterando el array de libros
[2023-10-24 22:24:18] [ INFO ] [BookService:48] Libro - buscarTodos: Se esta iterando el array de libros
[2023-10-24 22:24:18] [ INFO ] [BookService:48] Libro - buscarTodos: Se esta iterando el array de libros
[2023-10-24 22:24:18] [ INFO ] [BookService:48] Libro - buscarTodos: Se esta iterando el array de libros
[2023-10-24 22:24:18] [ INFO ] [BookService:48] Libro - buscarTodos: Se esta iterando el array de libros
[2023-10-24 22:24:18] [ INFO ] [BookService:48] Libro - buscarTodos: Se esta iterando el array de libros
[2023-10-24 22:24:18] [ INFO ] [BookService:48] Libro - buscarTodos: Se esta iterando el array de libros
[2023-10-24 22:24:18] [ INFO ] [BookService:48] Libro - buscarTodos: Se esta iterando el array de libros
[2023-10-24 22:24:19] [ INFO ] [BookService:48] Libro - buscarTodos: Se esta iterando el array de libros
[2023-10-24 22:24:19] [ INFO ] [BookService:48] Libro - buscarTodos: Se esta iterando el array de libros
[2023-10-24 22:24:19] [ INFO ] [BookService:48] Libro - buscarTodos: Se esta iterando el array de libros
[2023-10-24 22:24:19] [ INFO ] [BookService:48] Libro - buscarTodos: Se esta iterando el array de libros
[2023-10-24 22:24:19] [ INFO ] [BookService:48] Libro - buscarTodos: Se esta iterando el array de libros
[2023-10-24 22:24:19] [ INFO ] [BookService:48] Libro - buscarTodos: Se esta iterando el array de libros
[2023-10-24 22:24:19] [ INFO ] [BookService:48] Libro - buscarTodos: Se esta iterando el array de libros
[2023-10-24 22:24:20] [ INFO ] [BookService:48] Libro - buscarTodos: Se esta iterando el array de libros
[2023-10-24 22:24:20] [ INFO ] [BookService:48] Libro - buscarTodos: Se esta iterando el array de libros
[2023-10-24 22:24:20] [ INFO ] [BookService:48] Libro - buscarTodos: Se esta iterando el array de libros
[2023-10-24 22:24:20] [ INFO ] [BookService:48] Libro - buscarTodos: Se esta iterando el array de libros
[2023-10-24 22:24:20] [ INFO ] [BookService:48] Libro - buscarTodos: Se esta iterando el array de libros
[2023-10-24 22:24:20] [ INFO ] [BookService:48] Libro - buscarTodos: Se esta iterando el array de libros
[2023-10-24 22:24:20] [ INFO ] [BookService:48] Libro - buscarTodos: Se esta iterando el array de libros
[2023-10-24 22:24:20] [ INFO ] [BookService:48] Libro - buscarTodos: Se esta iterando el array de libros
[2023-10-24 22:24:21] [ INFO ] [BookService:48] Libro - buscarTodos: Se esta iterando el array de libros
[2023-10-24 22:24:21] [ INFO ] [BookService:48] Libro - buscarTodos: Se esta iterando el array de libros
[2023-10-24 22:24:21] [ INFO ] [BookService:48] Libro - buscarTodos: Se esta iterando el array de libros
[2023-10-24 22:24:21] [ INFO ] [BookService:48] Libro - buscarTodos: Se esta iterando el array de libros
[2023-10-24 22:24:21] [ INFO ] [BookService:48] Libro - buscarTodos: Se esta iterando el array de libros
[2023-10-24 22:24:21] [ INFO ] [BookService:48] Libro - buscarTodos: Se esta iterando el array de libros
[2023-10-24 22:24:21] [ INFO ] [BookService:48] Libro - buscarTodos: Se esta iterando el array de libros
[2023-10-24 22:24:21] [ INFO ] [BookService:48] Libro - buscarTodos: Se esta iterando el array de libros
[2023-10-24 22:24:22] [ INFO ] [BookService:48] Libro - buscarTodos: Se esta iterando el array de libros
[2023-10-24 22:24:22] [ INFO ] [BookService:48] Libro - buscarTodos: Se esta iterando el array de libros
[2023-10-24 22:24:22] [ INFO ] [BookService:48] Libro - buscarTodos: Se esta iterando el array de libros
[2023-10-24 22:24:22] [ INFO ] [BookService:48] Libro - buscarTodos: Se esta iterando el array de libros
[2023-10-24 22:24:22] [ INFO ] [BookService:48] Libro - buscarTodos: Se esta iterando el array de libros
[2023-10-24 22:24:22] [ INFO ] [BookService:48] Libro - buscarTodos: Se esta iterando el array de libros
[2023-10-24 22:24:26] [ INFO ] [BookService:48] Libro - buscarTodos: Se esta iterando el array de libros
[2023-10-24 22:24:26] [ INFO ] [BookService:48] Libro - buscarTodos: Se esta iterando el array de libros
[2023-10-24 22:24:26] [ INFO ] [BookService:48] Libro - buscarTodos: Se esta iterando el array de libros
[2023-10-24 22:24:26] [ INFO ] [BookService:48] Libro - buscarTodos: Se esta iterando el array de libros
[2023-10-24 22:24:26] [ INFO ] [BookService:48] Libro - buscarTodos: Se esta iterando el array de libros
[2023-10-24 22:24:26] [ INFO ] [BookService:48] Libro - buscarTodos: Se esta iterando el array de libros
[2023-10-24 22:24:27] [ INFO ] [BookService:48] Libro - buscarTodos: Se esta iterando el array de libros
[2023-10-24 22:24:27] [ INFO ] [BookService:48] Libro - buscarTodos: Se esta iterando el array de libros
[2023-10-24 22:24:27] [ INFO ] [BookService:48] Libro - buscarTodos: Se esta iterando el array de libros
[2023-10-24 22:24:27] [ INFO ] [BookService:48] Libro - buscarTodos: Se esta iterando el array de libros
[2023-10-24 22:24:27] [ INFO ] [BookService:48] Libro - buscarTodos: Se esta iterando el array de libros
[2023-10-24 22:24:27] [ INFO ] [BookService:48] Libro - buscarTodos: Se esta iterando el array de libros
[2023-10-24 22:24:27] [ INFO ] [BookService:48] Libro - buscarTodos: Se esta iterando el array de libros
[2023-10-24 22:24:28] [ INFO ] [BookService:48] Libro - buscarTodos: Se esta iterando el array de libros
[2023-10-24 22:24:28] [ INFO ] [BookService:48] Libro - buscarTodos: Se esta iterando el array de libros
[2023-10-24 22:24:28] [ INFO ] [BookService:48] Libro - buscarTodos: Se esta iterando el array de libros
[2023-10-24 22:24:28] [ INFO ] [BookService:48] Libro - buscarTodos: Se esta iterando el array de libros
[2023-10-24 22:24:28] [ INFO ] [BookService:48] Libro - buscarTodos: Se esta iterando el array de libros
[2023-10-24 22:24:28] [ INFO ] [BookService:48] Libro - buscarTodos: Se esta iterando el array de libros
[2023-10-24 22:24:28] [ INFO ] [BookService:48] Libro - buscarTodos: Se esta iterando el array de libros
[2023-10-24 22:24:29] [ INFO ] [BookService:48] Libro - buscarTodos: Se esta iterando el array de libros
[2023-10-24 22:24:29] [ INFO ] [BookService:48] Libro - buscarTodos: Se esta iterando el array de libros
[2023-10-24 22:24:29] [ INFO ] [BookService:48] Libro - buscarTodos: Se esta iterando el array de libros
[2023-10-24 22:24:29] [ INFO ] [BookService:48] Libro - buscarTodos: Se esta iterando el array de libros
[2023-10-24 22:24:29] [ INFO ] [BookService:48] Libro - buscarTodos: Se esta iterando el array de libros
[2023-10-24 22:24:30] [ INFO ] [BookService:48] Libro - buscarTodos: Se esta iterando el array de libros
[2023-10-24 22:24:30] [ INFO ] [BookService:48] Libro - buscarTodos: Se esta iterando el array de libros
[2023-10-24 22:24:30] [ INFO ] [BookService:48] Libro - buscarTodos: Se esta iterando el array de libros
[2023-10-24 22:24:30] [ INFO ] [BookService:48] Libro - buscarTodos: Se esta iterando el array de libros
[2023-10-24 22:24:30] [ INFO ] [BookService:48] Libro - buscarTodos: Se esta iterando el array de libros
[2023-10-24 22:24:30] [ INFO ] [BookService:48] Libro - buscarTodos: Se esta iterando el array de libros
[2023-10-24 22:24:30] [ INFO ] [BookService:48] Libro - buscarTodos: Se esta iterando el array de libros
[2023-10-24 22:24:30] [ INFO ] [BookService:48] Libro - buscarTodos: Se esta iterando el array de libros
[2023-10-24 22:24:31] [ INFO ] [BookService:48] Libro - buscarTodos: Se esta iterando el array de libros
[2023-10-24 22:24:31] [ INFO ] [BookService:48] Libro - buscarTodos: Se esta iterando el array de libros
[2023-10-24 22:24:31] [ INFO ] [BookService:48] Libro - buscarTodos: Se esta iterando el array de libros
[2023-10-24 22:24:31] [ INFO ] [BookService:48] Libro - buscarTodos: Se esta iterando el array de libros
[2023-10-24 22:24:31] [ INFO ] [BookService:48] Libro - buscarTodos: Se esta iterando el array de libros
[2023-10-24 22:24:31] [ INFO ] [BookService:48] Libro - buscarTodos: Se esta iterando el array de libros
[2023-10-24 22:24:31] [ INFO ] [BookService:48] Libro - buscarTodos: Se esta iterando el array de libros
[2023-10-24 22:39:20] [ INFO ] [BookService:48] Libro - buscarTodos: Se esta iterando el array de libros
[2023-10-24 22:39:20] [ INFO ] [BookService:48] Libro - buscarTodos: Se esta iterando el array de libros
[2023-10-24 22:39:20] [ INFO ] [BookService:48] Libro - buscarTodos: Se esta iterando el array de libros
[2023-10-24 22:39:20] [ INFO ] [BookService:48] Libro - buscarTodos: Se esta iterando el array de libros
[2023-10-24 22:39:20] [ INFO ] [BookService:48] Libro - buscarTodos: Se esta iterando el array de libros
[2023-10-24 22:39:21] [ INFO ] [BookService:48] Libro - buscarTodos: Se esta iterando el array de libros
[2023-10-24 22:39:21] [ INFO ] [BookService:48] Libro - buscarTodos: Se esta iterando el array de libros
[2023-10-24 22:39:21] [ INFO ] [BookService:48] Libro - buscarTodos: Se esta iterando el array de libros
[2023-10-24 22:39:21] [ INFO ] [BookService:48] Libro - buscarTodos: Se esta iterando el array de libros
[2023-10-24 22:39:21] [ INFO ] [BookService:48] Libro - buscarTodos: Se esta iterando el array de libros
[2023-10-24 22:39:21] [ INFO ] [BookService:48] Libro - buscarTodos: Se esta iterando el array de libros
[2023-10-24 22:39:21] [ INFO ] [BookService:48] Libro - buscarTodos: Se esta iterando el array de libros
[2023-10-24 22:39:21] [ INFO ] [BookService:48] Libro - buscarTodos: Se esta iterando el array de libros
[2023-10-24 22:39:22] [ INFO ] [BookService:48] Libro - buscarTodos: Se esta iterando el array de libros
[2023-10-24 22:39:22] [ INFO ] [BookService:48] Libro - buscarTodos: Se esta iterando el array de libros
[2023-10-24 22:39:22] [ INFO ] [BookService:48] Libro - buscarTodos: Se esta iterando el array de libros
[2023-10-24 22:39:22] [ INFO ] [BookService:48] Libro - buscarTodos: Se esta iterando el array de libros
[2023-10-24 22:39:22] [ INFO ] [BookService:48] Libro - buscarTodos: Se esta iterando el array de libros
[2023-10-24 22:39:22] [ INFO ] [BookService:48] Libro - buscarTodos: Se esta iterando el array de libros
[2023-10-24 22:39:22] [ INFO ] [BookService:48] Libro - buscarTodos: Se esta iterando el array de libros
[2023-10-24 22:39:24] [ INFO ] [BookService:48] Libro - buscarTodos: Se esta iterando el array de libros
[2023-10-24 22:39:24] [ INFO ] [BookService:48] Libro - buscarTodos: Se esta iterando el array de libros
[2023-10-24 22:39:24] [ INFO ] [BookService:48] Libro - buscarTodos: Se esta iterando el array de libros
[2023-10-24 22:39:25] [ INFO ] [BookService:48] Libro - buscarTodos: Se esta iterando el array de libros
[2023-10-24 22:39:25] [ INFO ] [BookService:48] Libro - buscarTodos: Se esta iterando el array de libros
[2023-10-24 22:39:25] [ INFO ] [BookService:48] Libro - buscarTodos: Se esta iterando el array de libros
[2023-10-24 22:39:25] [ INFO ] [BookService:48] Libro - buscarTodos: Se esta iterando el array de libros
[2023-10-24 22:39:25] [ INFO ] [BookService:48] Libro - buscarTodos: Se esta iterando el array de libros
[2023-10-24 22:39:25] [ INFO ] [BookService:48] Libro - buscarTodos: Se esta iterando el array de libros
[2023-10-24 22:39:25] [ INFO ] [BookService:48] Libro - buscarTodos: Se esta iterando el array de libros
[2023-10-24 22:39:25] [ INFO ] [BookService:48] Libro - buscarTodos: Se esta iterando el array de libros
[2023-10-24 22:39:26] [ INFO ] [BookService:48] Libro - buscarTodos: Se esta iterando el array de libros
[2023-10-24 22:39:26] [ INFO ] [BookService:48] Libro - buscarTodos: Se esta iterando el array de libros
[2023-10-24 22:39:26] [ INFO ] [BookService:48] Libro - buscarTodos: Se esta iterando el array de libros
[2023-10-24 22:39:26] [ INFO ] [BookService:48] Libro - buscarTodos: Se esta iterando el array de libros
[2023-10-24 22:39:26] [ INFO ] [BookService:48] Libro - buscarTodos: Se esta iterando el array de libros
[2023-10-24 22:39:26] [ INFO ] [BookService:48] Libro - buscarTodos: Se esta iterando el array de libros
[2023-10-24 22:39:26] [ INFO ] [BookService:48] Libro - buscarTodos: Se esta iterando el array de libros
[2023-10-24 22:39:27] [ INFO ] [BookService:48] Libro - buscarTodos: Se esta iterando el array de libros
[2023-10-24 22:39:27] [ INFO ] [BookService:48] Libro - buscarTodos: Se esta iterando el array de libros
[2023-10-24 22:41:16] [ INFO ] [BookService:48] Libro - buscarTodos: Se esta iterando el array de libros
[2023-10-24 22:41:16] [ INFO ] [BookService:48] Libro - buscarTodos: Se esta iterando el array de libros
[2023-10-24 22:41:16] [ INFO ] [BookService:48] Libro - buscarTodos: Se esta iterando el array de libros
[2023-10-24 22:41:16] [ INFO ] [BookService:48] Libro - buscarTodos: Se esta iterando el array de libros
[2023-10-24 22:41:16] [ INFO ] [BookService:48] Libro - buscarTodos: Se esta iterando el array de libros
[2023-10-24 22:41:16] [ INFO ] [BookService:48] Libro - buscarTodos: Se esta iterando el array de libros
[2023-10-24 22:41:16] [ INFO ] [BookService:48] Libro - buscarTodos: Se esta iterando el array de libros
[2023-10-24 22:41:16] [ INFO ] [BookService:48] Libro - buscarTodos: Se esta iterando el array de libros
[2023-10-24 22:41:17] [ INFO ] [BookService:48] Libro - buscarTodos: Se esta iterando el array de libros
[2023-10-24 22:41:17] [ INFO ] [BookService:48] Libro - buscarTodos: Se esta iterando el array de libros
[2023-10-24 22:41:17] [ INFO ] [BookService:48] Libro - buscarTodos: Se esta iterando el array de libros
[2023-10-24 22:41:17] [ INFO ] [BookService:48] Libro - buscarTodos: Se esta iterando el array de libros
[2023-10-24 22:41:17] [ INFO ] [BookService:48] Libro - buscarTodos: Se esta iterando el array de libros
[2023-10-24 22:41:17] [ INFO ] [BookService:48] Libro - buscarTodos: Se esta iterando el array de libros
[2023-10-24 22:41:17] [ INFO ] [BookService:48] Libro - buscarTodos: Se esta iterando el array de libros
[2023-10-24 22:41:17] [ INFO ] [BookService:48] Libro - buscarTodos: Se esta iterando el array de libros
[2023-10-24 22:41:18] [ INFO ] [BookService:48] Libro - buscarTodos: Se esta iterando el array de libros
[2023-10-24 22:41:18] [ INFO ] [BookService:48] Libro - buscarTodos: Se esta iterando el array de libros
[2023-10-24 22:41:18] [ INFO ] [BookService:48] Libro - buscarTodos: Se esta iterando el array de libros
[2023-10-24 22:41:18] [ INFO ] [BookService:48] Libro - buscarTodos: Se esta iterando el array de libros
[2023-10-24 22:54:20] [ INFO ] [BookService:48] Libro - buscarTodos: Se esta iterando el array de libros
[2023-10-24 22:54:20] [ INFO ] [BookService:48] Libro - buscarTodos: Se esta iterando el array de libros
[2023-10-24 22:54:20] [ INFO ] [BookService:48] Libro - buscarTodos: Se esta iterando el array de libros
[2023-10-24 22:54:20] [ INFO ] [BookService:48] Libro - buscarTodos: Se esta iterando el array de libros
[2023-10-24 22:54:20] [ INFO ] [BookService:48] Libro - buscarTodos: Se esta iterando el array de libros
[2023-10-24 22:54:20] [ INFO ] [BookService:48] Libro - buscarTodos: Se esta iterando el array de libros
[2023-10-24 22:54:21] [ INFO ] [BookService:48] Libro - buscarTodos: Se esta iterando el array de libros
[2023-10-24 22:54:21] [ INFO ] [BookService:48] Libro - buscarTodos: Se esta iterando el array de libros
[2023-10-24 22:54:21] [ INFO ] [BookService:48] Libro - buscarTodos: Se esta iterando el array de libros
[2023-10-24 22:54:21] [ INFO ] [BookService:48] Libro - buscarTodos: Se esta iterando el array de libros
[2023-10-24 22:54:21] [ INFO ] [BookService:48] Libro - buscarTodos: Se esta iterando el array de libros
[2023-10-24 22:54:21] [ INFO ] [BookService:48] Libro - buscarTodos: Se esta iterando el array de libros
[2023-10-24 22:54:21] [ INFO ] [BookService:48] Libro - buscarTodos: Se esta iterando el array de libros
[2023-10-24 22:54:22] [ INFO ] [BookService:48] Libro - buscarTodos: Se esta iterando el array de libros
[2023-10-24 22:54:22] [ INFO ] [BookService:48] Libro - buscarTodos: Se esta iterando el array de libros
[2023-10-24 22:54:22] [ INFO ] [BookService:48] Libro - buscarTodos: Se esta iterando el array de libros
[2023-10-24 22:54:22] [ INFO ] [BookService:48] Libro - buscarTodos: Se esta iterando el array de libros
[2023-10-24 22:54:22] [ INFO ] [BookService:48] Libro - buscarTodos: Se esta iterando el array de libros
[2023-10-24 22:54:22] [ INFO ] [BookService:48] Libro - buscarTodos: Se esta iterando el array de libros
[2023-10-24 22:54:22] [ INFO ] [BookService:48] Libro - buscarTodos: Se esta iterando el array de libros
[2023-10-24 23:45:35] [ INFO ] [BookService:48] Libro - buscarTodos: Se esta iterando el array de libros
[2023-10-24 23:45:35] [ INFO ] [BookService:48] Libro - buscarTodos: Se esta iterando el array de libros
[2023-10-24 23:45:35] [ INFO ] [BookService:48] Libro - buscarTodos: Se esta iterando el array de libros
[2023-10-24 23:45:35] [ INFO ] [BookService:48] Libro - buscarTodos: Se esta iterando el array de libros
[2023-10-24 23:45:35] [ INFO ] [BookService:48] Libro - buscarTodos: Se esta iterando el array de libros
[2023-10-24 23:45:35] [ INFO ] [BookService:48] Libro - buscarTodos: Se esta iterando el array de libros
[2023-10-24 23:45:35] [ INFO ] [BookService:48] Libro - buscarTodos: Se esta iterando el array de libros
[2023-10-24 23:45:36] [ INFO ] [BookService:48] Libro - buscarTodos: Se esta iterando el array de libros
[2023-10-24 23:45:36] [ INFO ] [BookService:48] Libro - buscarTodos: Se esta iterando el array de libros
[2023-10-24 23:45:36] [ INFO ] [BookService:48] Libro - buscarTodos: Se esta iterando el array de libros
[2023-10-24 23:45:36] [ INFO ] [BookService:48] Libro - buscarTodos: Se esta iterando el array de libros
[2023-10-24 23:45:36] [ INFO ] [BookService:48] Libro - buscarTodos: Se esta iterando el array de libros
[2023-10-24 23:45:36] [ INFO ] [BookService:48] Libro - buscarTodos: Se esta iterando el array de libros
[2023-10-24 23:45:36] [ INFO ] [BookService:48] Libro - buscarTodos: Se esta iterando el array de libros
[2023-10-24 23:45:36] [ INFO ] [BookService:48] Libro - buscarTodos: Se esta iterando el array de libros
[2023-10-24 23:45:37] [ INFO ] [BookService:48] Libro - buscarTodos: Se esta iterando el array de libros
[2023-10-24 23:45:37] [ INFO ] [BookService:48] Libro - buscarTodos: Se esta iterando el array de libros
[2023-10-24 23:45:37] [ INFO ] [BookService:48] Libro - buscarTodos: Se esta iterando el array de libros
[2023-10-24 23:45:37] [ INFO ] [BookService:48] Libro - buscarTodos: Se esta iterando el array de libros
[2023-10-24 23:45:37] [ INFO ] [BookService:48] Libro - buscarTodos: Se esta iterando el array de libros
[2023-10-24 23:51:52] [ INFO ] [BookService:48] Libro - buscarTodos: Se esta iterando el array de libros
[2023-10-24 23:51:52] [ INFO ] [BookService:48] Libro - buscarTodos: Se esta iterando el array de libros
[2023-10-24 23:51:52] [ INFO ] [BookService:48] Libro - buscarTodos: Se esta iterando el array de libros
[2023-10-24 23:51:52] [ INFO ] [BookService:48] Libro - buscarTodos: Se esta iterando el array de libros
[2023-10-24 23:51:53] [ INFO ] [BookService:48] Libro - buscarTodos: Se esta iterando el array de libros
[2023-10-24 23:51:53] [ INFO ] [BookService:48] Libro - buscarTodos: Se esta iterando el array de libros
[2023-10-24 23:51:53] [ INFO ] [BookService:48] Libro - buscarTodos: Se esta iterando el array de libros
[2023-10-24 23:51:53] [ INFO ] [BookService:48] Libro - buscarTodos: Se esta iterando el array de libros
[2023-10-24 23:51:53] [ INFO ] [BookService:48] Libro - buscarTodos: Se esta iterando el array de libros
[2023-10-24 23:51:53] [ INFO ] [BookService:48] Libro - buscarTodos: Se esta iterando el array de libros
[2023-10-24 23:51:53] [ INFO ] [BookService:48] Libro - buscarTodos: Se esta iterando el array de libros
[2023-10-24 23:51:53] [ INFO ] [BookService:48] Libro - buscarTodos: Se esta iterando el array de libros
[2023-10-24 23:51:54] [ INFO ] [BookService:48] Libro - buscarTodos: Se esta iterando el array de libros
[2023-10-24 23:51:54] [ INFO ] [BookService:48] Libro - buscarTodos: Se esta iterando el array de libros
[2023-10-24 23:51:54] [ INFO ] [BookService:48] Libro - buscarTodos: Se esta iterando el array de libros
[2023-10-24 23:51:54] [ INFO ] [BookService:48] Libro - buscarTodos: Se esta iterando el array de libros
[2023-10-24 23:51:54] [ INFO ] [BookService:48] Libro - buscarTodos: Se esta iterando el array de libros
[2023-10-24 23:51:54] [ INFO ] [BookService:48] Libro - buscarTodos: Se esta iterando el array de libros
[2023-10-24 23:51:54] [ INFO ] [BookService:48] Libro - buscarTodos: Se esta iterando el array de libros
[2023-10-24 23:51:55] [ INFO ] [BookService:48] Libro - buscarTodos: Se esta iterando el array de libros
[2023-10-26 00:34:29] [ INFO ] [BookService:38] Libros - guardar: Se va a guardar el libro
[2023-10-26 00:34:29] [ INFO ] [BookService:79] Libro - actualizar: Se va a actualizar el libro
[2023-10-26 00:34:29] [ INFO ] [BookService:38] Libros - guardar: Se va a guardar el libro
[2023-10-26 00:34:29] [ INFO ] [BookService:66] Libro - buscarPorId: Se encontro el libro y se convertira a DTO para ser devuelto
[2023-10-26 00:34:34] [ INFO ] [BookService:48] Libro - buscarTodos: Se esta iterando el array de libros
[2023-10-26 00:34:34] [ INFO ] [BookService:48] Libro - buscarTodos: Se esta iterando el array de libros
[2023-10-26 00:34:35] [ INFO ] [BookService:48] Libro - buscarTodos: Se esta iterando el array de libros
[2023-10-26 00:34:35] [ INFO ] [BookService:48] Libro - buscarTodos: Se esta iterando el array de libros
[2023-10-26 00:34:35] [ INFO ] [BookService:48] Libro - buscarTodos: Se esta iterando el array de libros
[2023-10-26 00:34:35] [ INFO ] [BookService:48] Libro - buscarTodos: Se esta iterando el array de libros
[2023-10-26 00:34:35] [ INFO ] [BookService:48] Libro - buscarTodos: Se esta iterando el array de libros
[2023-10-26 00:34:35] [ INFO ] [BookService:48] Libro - buscarTodos: Se esta iterando el array de libros
[2023-10-26 00:34:35] [ INFO ] [BookService:48] Libro - buscarTodos: Se esta iterando el array de libros
[2023-10-26 00:34:36] [ INFO ] [BookService:48] Libro - buscarTodos: Se esta iterando el array de libros
[2023-10-26 00:34:36] [ INFO ] [BookService:48] Libro - buscarTodos: Se esta iterando el array de libros
[2023-10-26 00:34:36] [ INFO ] [BookService:48] Libro - buscarTodos: Se esta iterando el array de libros
[2023-10-26 00:34:36] [ INFO ] [BookService:48] Libro - buscarTodos: Se esta iterando el array de libros
[2023-10-26 00:34:36] [ INFO ] [BookService:48] Libro - buscarTodos: Se esta iterando el array de libros
[2023-10-26 00:34:36] [ INFO ] [BookService:48] Libro - buscarTodos: Se esta iterando el array de libros
[2023-10-26 00:34:36] [ INFO ] [BookService:48] Libro - buscarTodos: Se esta iterando el array de libros
[2023-10-26 00:34:37] [ INFO ] [BookService:48] Libro - buscarTodos: Se esta iterando el array de libros
[2023-10-26 00:34:37] [ INFO ] [BookService:48] Libro - buscarTodos: Se esta iterando el array de libros
[2023-10-26 00:34:37] [ INFO ] [BookService:48] Libro - buscarTodos: Se esta iterando el array de libros
[2023-10-26 00:34:37] [ INFO ] [BookService:48] Libro - buscarTodos: Se esta iterando el array de libros
[2023-10-26 00:34:37] [ INFO ] [BookService:48] Libro - buscarTodos: Se esta iterando el array de libros
[2023-10-26 00:34:37] [ INFO ] [BookService:48] Libro - buscarTodos: Se esta iterando el array de libros
[2023-10-26 00:34:38] [ INFO ] [BookService:38] Libros - guardar: Se va a guardar el libro
[2023-10-26 00:34:38] [ WARN ] [BookService:88] Libro - eliminar: Se ha eliminado el libro
[2023-10-26 00:34:38] [ WARN ] [BookService:72] Libro - buscarPorId: No se encontro ningun libro con ese ID
[2023-10-26 00:34:38] [ INFO ] [BookService:38] Libros - guardar: Se va a guardar el libro
[2023-10-26 00:34:39] [ INFO ] [BookService:38] Libros - guardar: Se va a guardar el libro
[2023-10-26 00:34:39] [ INFO ] [BookService:66] Libro - buscarPorId: Se encontro el libro y se convertira a DTO para ser devuelto
